<?xml version="1.0" encoding="UTF-8"?>
<robot generator="Robot 3.1.2 (Python 3.7.4 on linux)" generated="20191021 18:33:16.329" rpa="false">
<suite id="s1" name="Test" source="/home/ash/Documents/work/TESTING/Doing/New/robot_autotest/test.robot">
<test id="s1-t1" name="Add Test">
<kw name="Add">
<arguments>
<arg>1</arg>
<arg>2</arg>
<arg>3</arg>
</arguments>
<kw name="Run And Return Rc And Output" library="OperatingSystem">
<doc>Runs the given command in the system and returns the RC and output.</doc>
<arguments>
<arg>./add.py\t${${arg1}+'\t'+${arg2}+'\t'+${arg3}}</arg>
</arguments>
<assign>
<var>${rc}</var>
<var>${output}</var>
</assign>
<msg timestamp="20191021 18:33:16.352" level="FAIL">Resolving variable '${1+'	'+2+'	'+3}' failed: TypeError: unsupported operand type(s) for +: 'int' and 'str'</msg>
<status status="FAIL" starttime="20191021 18:33:16.352" endtime="20191021 18:33:16.352"></status>
</kw>
<status status="FAIL" starttime="20191021 18:33:16.351" endtime="20191021 18:33:16.352"></status>
</kw>
<status status="FAIL" starttime="20191021 18:33:16.351" endtime="20191021 18:33:16.352" critical="yes">Resolving variable '${1+'	'+2+'	'+3}' failed: TypeError: unsupported operand type(s) for +: 'int' and 'str'</status>
</test>
<status status="FAIL" starttime="20191021 18:33:16.330" endtime="20191021 18:33:16.353"></status>
</suite>
<statistics>
<total>
<stat pass="0" fail="1">Critical Tests</stat>
<stat pass="0" fail="1">All Tests</stat>
</total>
<tag>
</tag>
<suite>
<stat pass="0" fail="1" id="s1" name="Test">Test</stat>
</suite>
</statistics>
<errors>
</errors>
</robot>
